{
  "RSpec": {
    "coverage": {
      "/Users/harryriley/GoogleDrive/Harry/Python/makers/Projects/makers-course/week_4/bookmarks/spec/feature/add_and_viewing_comments_spec.rb": [
        null,
        1,
        1,
        1,
        1,
        null,
        1,
        1,
        1,
        1,
        1,
        null,
        1,
        1,
        null,
        null,
        null,
        null
      ],
      "/Users/harryriley/GoogleDrive/Harry/Python/makers/Projects/makers-course/week_4/bookmarks/spec/feature/create_bookmark_spec.rb": [
        null,
        1,
        1,
        1,
        1,
        1,
        1,
        1,
        1,
        null,
        1,
        null,
        null
      ],
      "/Users/harryriley/GoogleDrive/Harry/Python/makers/Projects/makers-course/week_4/bookmarks/spec/feature/database_connection_spec.rb": [
        1,
        null,
        1,
        1,
        1,
        1,
        null,
        1,
        null,
        null,
        1,
        1,
        1,
        1,
        1,
        null,
        null,
        null,
        null
      ],
      "/Users/harryriley/GoogleDrive/Harry/Python/makers/Projects/makers-course/week_4/bookmarks/spec/feature/delete_bookmark_spec.rb": [
        null,
        1,
        1,
        1,
        1,
        1,
        null,
        1,
        null,
        1,
        1,
        null,
        null
      ],
      "/Users/harryriley/GoogleDrive/Harry/Python/makers/Projects/makers-course/week_4/bookmarks/spec/feature/homepage_welcome_spec.rb": [
        1,
        1,
        1,
        1,
        null,
        null
      ],
      "/Users/harryriley/GoogleDrive/Harry/Python/makers/Projects/makers-course/week_4/bookmarks/spec/feature/update_bookmark_spec.rb": [
        1,
        1,
        1,
        1,
        1,
        null,
        1,
        1,
        null,
        1,
        1,
        1,
        null,
        1,
        1,
        1,
        null,
        null
      ],
      "/Users/harryriley/GoogleDrive/Harry/Python/makers/Projects/makers-course/week_4/bookmarks/spec/feature/validate_url_spec.rb": [
        null,
        1,
        1,
        1,
        1,
        1,
        1,
        1,
        1,
        null,
        null
      ],
      "/Users/harryriley/GoogleDrive/Harry/Python/makers/Projects/makers-course/week_4/bookmarks/spec/feature/view_bookmarks_spec.rb": [
        1,
        1,
        1,
        1,
        1,
        1,
        1,
        1,
        1,
        null,
        null,
        null
      ],
      "/Users/harryriley/GoogleDrive/Harry/Python/makers/Projects/makers-course/week_4/bookmarks/spec/unit/bookmark_spec.rb": [
        1,
        1,
        null,
        1,
        2,
        null,
        1,
        1,
        1,
        1,
        1,
        1,
        1,
        1,
        1,
        1,
        1,
        null,
        null,
        null,
        1,
        1,
        1,
        1,
        1,
        null,
        1,
        1,
        1,
        1,
        null,
        null,
        null,
        1,
        1,
        1,
        1,
        null,
        null,
        null,
        null,
        1,
        1,
        1,
        1,
        1,
        1,
        null,
        null,
        null,
        null,
        1,
        1,
        1,
        1,
        null,
        1,
        1,
        1,
        1,
        null,
        null,
        null,
        1,
        1,
        1,
        null,
        1,
        null,
        1,
        1,
        1,
        1,
        null,
        null,
        null,
        1,
        1,
        1,
        1,
        null,
        1,
        null,
        null,
        null,
        null
      ],
      "/Users/harryriley/GoogleDrive/Harry/Python/makers/Projects/makers-course/week_4/bookmarks/app/models/bookmark.rb": [
        1,
        1,
        1,
        null,
        1,
        null,
        1,
        null,
        1,
        29,
        29,
        29,
        null,
        null,
        1,
        11,
        11,
        10,
        null,
        null,
        null,
        1,
        17,
        15,
        15,
        null,
        null,
        1,
        2,
        null,
        null,
        1,
        2,
        2,
        null,
        null,
        1,
        2,
        2,
        null,
        null,
        1,
        8,
        null,
        null,
        1,
        null,
        1,
        17,
        null,
        null,
        null
      ],
      "/Users/harryriley/GoogleDrive/Harry/Python/makers/Projects/makers-course/week_4/bookmarks/spec/database_helpers.rb": [
        1,
        1,
        null,
        1,
        3,
        null
      ],
      "/Users/harryriley/GoogleDrive/Harry/Python/makers/Projects/makers-course/week_4/bookmarks/spec/unit/comments_spec.rb": [
        1,
        1,
        1,
        null,
        1,
        1,
        1,
        1,
        1,
        null,
        1,
        null,
        1,
        1,
        1,
        1,
        null,
        null,
        null,
        1,
        1,
        1,
        1,
        1,
        null,
        1,
        1,
        1,
        null,
        1,
        1,
        1,
        1,
        null,
        null,
        null
      ]
    },
    "timestamp": 1563545926
  }
}
