{
  "RSpec": {
    "coverage": {
      "/Users/harryriley/GoogleDrive/Harry/Python/makers/Projects/makers-course/week_4/bookmarks/spec/feature/create_bookmark_spec.rb": [
        null,
        1,
        1,
        1,
        1,
        1,
        1,
        1,
        null,
        1,
        null,
        null
      ],
      "/Users/harryriley/GoogleDrive/Harry/Python/makers/Projects/makers-course/week_4/bookmarks/spec/feature/homepage_welcome_spec.rb": [
        1,
        1,
        1,
        1,
        null,
        null
      ],
      "/Users/harryriley/GoogleDrive/Harry/Python/makers/Projects/makers-course/week_4/bookmarks/spec/feature/view_bookmarks_spec.rb": [
        1,
        1,
        1,
        1,
        1,
        null,
        null
      ],
      "/Users/harryriley/GoogleDrive/Harry/Python/makers/Projects/makers-course/week_4/bookmarks/spec/unit/bookmark_spec.rb": [
        1,
        null,
        1,
        null,
        1,
        1,
        1,
        1,
        1,
        1,
        1,
        1,
        1,
        1,
        null,
        null,
        null,
        1,
        1,
        1,
        1,
        1,
        null,
        null,
        null,
        null
      ],
      "/Users/harryriley/GoogleDrive/Harry/Python/makers/Projects/makers-course/week_4/bookmarks/app/models/bookmark.rb": [
        1,
        null,
        1,
        null,
        1,
        4,
        4,
        null,
        0,
        null,
        4,
        9,
        null,
        null,
        1,
        2,
        2,
        null,
        0,
        null,
        2,
        null,
        null,
        null,
        null
      ]
    },
    "timestamp": 1563293143
  }
}
